0 info it worked if it ends with ok
1 verbose cli [ '/usr/bin/node', '/bin/npm', 'i', 'jsrand' ]
2 info using npm@3.10.10
3 info using node@v10.14.1
4 silly loadCurrentTree Starting
5 silly install loadCurrentTree
6 silly install readLocalPackageData
7 silly rollbackFailedOptional Starting
8 silly rollbackFailedOptional Finishing
9 silly runTopLevelLifecycles Finishing
10 silly install printInstalled
11 verbose stack Error: Failed to parse json
11 verbose stack No data, empty input at 1:1
11 verbose stack
11 verbose stack ^
11 verbose stack     at parseError (/usr/lib/node_modules/npm/node_modules.bundled/read-package-json/read-json.js:390:11)
11 verbose stack     at parseJson (/usr/lib/node_modules/npm/node_modules.bundled/read-package-json/read-json.js:79:23)
11 verbose stack     at /usr/lib/node_modules/npm/node_modules.bundled/read-package-json/read-json.js:48:5
11 verbose stack     at /usr/lib/node_modules/npm/node_modules.bundled/graceful-fs/graceful-fs.js:78:16
11 verbose stack     at FSReqWrap.readFileAfterClose [as oncomplete] (internal/fs/read_file_context.js:53:3)
12 verbose cwd /mnt/villa/user/BCGIT/REPL/HYGStarsAndStatic
13 error Linux 3.10.0-514.el7.x86_64
14 error argv "/usr/bin/node" "/bin/npm" "i" "jsrand"
15 error node v10.14.1
16 error npm  v3.10.10
17 error file /mnt/villa/user/BCGIT/REPL/HYGStarsAndStatic/package.json
18 error code EJSONPARSE
19 error Failed to parse json
19 error No data, empty input at 1:1
19 error
19 error ^
20 error File: /mnt/villa/user/BCGIT/REPL/HYGStarsAndStatic/package.json
21 error Failed to parse package.json data.
21 error package.json must be actual JSON, not just JavaScript.
21 error
21 error This is not a bug in npm.
21 error Tell the package author to fix their package.json file. JSON.parse
22 verbose exit [ 1, true ]
